<?xml version="1.0" encoding="UTF-8"?>
<!-- Generated by org.testng.reporters.JUnitXMLReporter -->
<testsuite ignored="0" hostname="Admin" failures="0" tests="4" name="Test" time="0.096" errors="0" timestamp="2021-10-12T17:12:45 IST">
  <testcase classname="demo.T01" name="Test1" time="0.011"/>
  <testcase classname="demo.T2" name="Test1" time="0.002"/>
  <testcase classname="demo.T4" name="Test1" time="0.005"/>
  <testcase classname="demo.T3" name="Test1" time="0.003"/>
</testsuite> <!-- Test -->
